# JRE version: Java(TM) SE Runtime Environment (8.0_231-b11) (build 1.8.0_231-b11)
# Java VM: Java HotSpot(TM) 64-Bit Server VM (25.231-b11 mixed mode bsd-amd64 compressed oops)
Heap:
 PSYoungGen      total 280064K, used 83406K [0x0000000715580000, 0x000000072aa80000, 0x00000007c0000000)
  eden space 263168K, 25% used [0x0000000715580000,0x00000007197d4cb8,0x0000000725680000)
  from space 16896K, 91% used [0x0000000729a00000,0x000000072a91ec58,0x000000072aa80000)
  to   space 43008K, 0% used [0x0000000725680000,0x0000000725680000,0x0000000728080000)
 ParOldGen       total 377344K, used 48528K [0x00000005c0000000, 0x00000005d7080000, 0x0000000715580000)
  object space 377344K, 12% used [0x00000005c0000000,0x00000005c2f643f0,0x00000005d7080000)
 Metaspace       used 48920K, capacity 50084K, committed 50304K, reserved 1093632K
  class space    used 5429K, capacity 5652K, committed 5760K, reserved 1048576K
GC Heap History (10 events):
Event: 3.989 GC heap before
{Heap before GC invocations=4 (full 1):
 PSYoungGen      total 153088K, used 131584K [0x0000000715580000, 0x0000000720000000, 0x00000007c0000000)
  eden space 131584K, 100% used [0x0000000715580000,0x000000071d600000,0x000000071d600000)
  from space 21504K, 0% used [0x000000071eb00000,0x000000071eb00000,0x0000000720000000)
  to   space 21504K, 0% used [0x000000071d600000,0x000000071d600000,0x000000071eb00000)
 ParOldGen       total 236032K, used 14514K [0x00000005c0000000, 0x00000005ce680000, 0x0000000715580000)
  object space 236032K, 6% used [0x00000005c0000000,0x00000005c0e2cbc0,0x00000005ce680000)
 Metaspace       used 29546K, capacity 30184K, committed 30592K, reserved 1077248K
  class space    used 3422K, capacity 3619K, committed 3712K, reserved 1048576K
Event: 3.995 GC heap after
Heap after GC invocations=4 (full 1):
 PSYoungGen      total 153088K, used 16125K [0x0000000715580000, 0x0000000722680000, 0x00000007c0000000)
  eden space 131584K, 0% used [0x0000000715580000,0x0000000715580000,0x000000071d600000)
  from space 21504K, 74% used [0x000000071d600000,0x000000071e5bf508,0x000000071eb00000)
  to   space 21504K, 0% used [0x0000000721180000,0x0000000721180000,0x0000000722680000)
 ParOldGen       total 236032K, used 14586K [0x00000005c0000000, 0x00000005ce680000, 0x0000000715580000)
  object space 236032K, 6% used [0x00000005c0000000,0x00000005c0e3ebd0,0x00000005ce680000)
 Metaspace       used 29546K, capacity 30184K, committed 30592K, reserved 1077248K
  class space    used 3422K, capacity 3619K, committed 3712K, reserved 1048576K
}
Event: 4.208 GC heap before
{Heap before GC invocations=5 (full 1):
 PSYoungGen      total 153088K, used 147709K [0x0000000715580000, 0x0000000722680000, 0x00000007c0000000)
  eden space 131584K, 100% used [0x0000000715580000,0x000000071d600000,0x000000071d600000)
  from space 21504K, 74% used [0x000000071d600000,0x000000071e5bf508,0x000000071eb00000)
  to   space 21504K, 0% used [0x0000000721180000,0x0000000721180000,0x0000000722680000)
 ParOldGen       total 236032K, used 14595K [0x00000005c0000000, 0x00000005ce680000, 0x0000000715580000)
  object space 236032K, 6% used [0x00000005c0000000,0x00000005c0e40c78,0x00000005ce680000)
 Metaspace       used 31063K, capacity 31942K, committed 32128K, reserved 1077248K
  class space    used 3615K, capacity 3844K, committed 3968K, reserved 1048576K
Event: 4.227 GC heap after
Heap after GC invocations=5 (full 1):
 PSYoungGen      total 192512K, used 21487K [0x0000000715580000, 0x0000000725000000, 0x00000007c0000000)
  eden space 171008K, 0% used [0x0000000715580000,0x0000000715580000,0x000000071fc80000)
  from space 21504K, 99% used [0x0000000721180000,0x000000072267bff8,0x0000000722680000)
  to   space 21504K, 0% used [0x000000071fc80000,0x000000071fc80000,0x0000000721180000)
 ParOldGen       total 236032K, used 28360K [0x00000005c0000000, 0x00000005ce680000, 0x0000000715580000)
  object space 236032K, 12% used [0x00000005c0000000,0x00000005c1bb2260,0x00000005ce680000)
 Metaspace       used 31063K, capacity 31942K, committed 32128K, reserved 1077248K
  class space    used 3615K, capacity 3844K, committed 3968K, reserved 1048576K
}
Event: 4.581 GC heap before
{Heap before GC invocations=6 (full 1):
 PSYoungGen      total 192512K, used 170709K [0x0000000715580000, 0x0000000725000000, 0x00000007c0000000)
  eden space 171008K, 87% used [0x0000000715580000,0x000000071e739628,0x000000071fc80000)
  from space 21504K, 99% used [0x0000000721180000,0x000000072267bff8,0x0000000722680000)
  to   space 21504K, 0% used [0x000000071fc80000,0x000000071fc80000,0x0000000721180000)
 ParOldGen       total 236032K, used 28360K [0x00000005c0000000, 0x00000005ce680000, 0x0000000715580000)
  object space 236032K, 12% used [0x00000005c0000000,0x00000005c1bb2260,0x00000005ce680000)
 Metaspace       used 34373K, capacity 35388K, committed 35496K, reserved 1081344K
  class space    used 4054K, capacity 4313K, committed 4352K, reserved 1048576K
Event: 4.603 GC heap after
Heap after GC invocations=6 (full 1):
 PSYoungGen      total 192512K, used 21484K [0x0000000715580000, 0x000000072c500000, 0x00000007c0000000)
  eden space 171008K, 0% used [0x0000000715580000,0x0000000715580000,0x000000071fc80000)
  from space 21504K, 99% used [0x000000071fc80000,0x000000072117b120,0x0000000721180000)
  to   space 44032K, 0% used [0x0000000729a00000,0x0000000729a00000,0x000000072c500000)
 ParOldGen       total 236032K, used 47431K [0x00000005c0000000, 0x00000005ce680000, 0x0000000715580000)
  object space 236032K, 20% used [0x00000005c0000000,0x00000005c2e51ef8,0x00000005ce680000)
 Metaspace       used 34373K, capacity 35388K, committed 35496K, reserved 1081344K
  class space    used 4054K, capacity 4313K, committed 4352K, reserved 1048576K
}
Event: 4.603 GC heap before
{Heap before GC invocations=7 (full 2):
 PSYoungGen      total 192512K, used 21484K [0x0000000715580000, 0x000000072c500000, 0x00000007c0000000)
  eden space 171008K, 0% used [0x0000000715580000,0x0000000715580000,0x000000071fc80000)
  from space 21504K, 99% used [0x000000071fc80000,0x000000072117b120,0x0000000721180000)
  to   space 44032K, 0% used [0x0000000729a00000,0x0000000729a00000,0x000000072c500000)
 ParOldGen       total 236032K, used 47431K [0x00000005c0000000, 0x00000005ce680000, 0x0000000715580000)
  object space 236032K, 20% used [0x00000005c0000000,0x00000005c2e51ef8,0x00000005ce680000)
 Metaspace       used 34373K, capacity 35388K, committed 35496K, reserved 1081344K
  class space    used 4054K, capacity 4313K, committed 4352K, reserved 1048576K
Event: 4.656 GC heap after
Heap after GC invocations=7 (full 2):
 PSYoungGen      total 192512K, used 0K [0x0000000715580000, 0x000000072c500000, 0x00000007c0000000)
  eden space 171008K, 0% used [0x0000000715580000,0x0000000715580000,0x000000071fc80000)
  from space 21504K, 0% used [0x000000071fc80000,0x000000071fc80000,0x0000000721180000)
  to   space 44032K, 0% used [0x0000000729a00000,0x0000000729a00000,0x000000072c500000)
 ParOldGen       total 377344K, used 48472K [0x00000005c0000000, 0x00000005d7080000, 0x0000000715580000)
  object space 377344K, 12% used [0x00000005c0000000,0x00000005c2f56268,0x00000005d7080000)
 Metaspace       used 34255K, capacity 35066K, committed 35496K, reserved 1081344K
  class space    used 4010K, capacity 4236K, committed 4352K, reserved 1048576K
}
Event: 97.441 GC heap before
{Heap before GC invocations=8 (full 2):
 PSYoungGen      total 192512K, used 171008K [0x0000000715580000, 0x000000072c500000, 0x00000007c0000000)
  eden space 171008K, 100% used [0x0000000715580000,0x000000071fc80000,0x000000071fc80000)
  from space 21504K, 0% used [0x000000071fc80000,0x000000071fc80000,0x0000000721180000)
  to   space 44032K, 0% used [0x0000000729a00000,0x0000000729a00000,0x000000072c500000)
 ParOldGen       total 377344K, used 48512K [0x00000005c0000000, 0x00000005d7080000, 0x0000000715580000)
  object space 377344K, 12% used [0x00000005c0000000,0x00000005c2f603f0,0x00000005d7080000)
 Metaspace       used 48238K, capacity 49264K, committed 49536K, reserved 1093632K
  class space    used 5409K, capacity 5645K, committed 5760K, reserved 1048576K
Event: 97.451 GC heap after
Heap after GC invocations=8 (full 2):
 PSYoungGen      total 280064K, used 15483K [0x0000000715580000, 0x000000072aa80000, 0x00000007c0000000)
  eden space 263168K, 0% used [0x0000000715580000,0x0000000715580000,0x0000000725680000)
  from space 16896K, 91% used [0x0000000729a00000,0x000000072a91ec58,0x000000072aa80000)
  to   space 43008K, 0% used [0x0000000725680000,0x0000000725680000,0x0000000728080000)
 ParOldGen       total 377344K, used 48528K [0x00000005c0000000, 0x00000005d7080000, 0x0000000715580000)
  object space 377344K, 12% used [0x00000005c0000000,0x00000005c2f643f0,0x00000005d7080000)
 Metaspace       used 48238K, capacity 49264K, committed 49536K, reserved 1093632K
  class space    used 5409K, capacity 5645K, committed 5760K, reserved 1048576K
}

